Build started 11/22/2015 6:49:34 PM.
     1>Project "C:\Users\sreeves\Documents\GitHub\Picture_viewer\Picture_viewer.vcxproj" on node 2 (Build target(s)).
     1>ClCompile:
         C:\Program Files (x86)\Microsoft Visual Studio 14.0\VC\bin\CL.exe /c /AI"C:\Program Files (x86)\Reference Assemblies\Microsoft\Framework\.NETFramework\v4.5.2\\" /AI"C:\Program Files (x86)\Windows Kits\8.1\References\CommonConfiguration\Neutral" /AI"C:\Program Files (x86)\Reference Assemblies\Microsoft\Framework\.NETFramework\v4.5.2\Facades\\" /Zi /clr /nologo /W3 /WX- /Od /Oy- /D WIN32 /D _DEBUG /D _UNICODE /D UNICODE /EHa /MDd /GS /fp:precise /Zc:wchar_t /Zc:forScope /Zc:inline /Fo"Debug\\" /Fd"Debug\vc140.pdb" /TP /FU"C:\Program Files (x86)\Reference Assemblies\Microsoft\Framework\.NETFramework\v4.5.2\mscorlib.dll" /FU"C:\Program Files (x86)\Reference Assemblies\Microsoft\Framework\.NETFramework\v4.5.2\System.Data.dll" /FU"C:\Program Files (x86)\Reference Assemblies\Microsoft\Framework\.NETFramework\v4.5.2\System.dll" /FU"C:\Program Files (x86)\Reference Assemblies\Microsoft\Framework\.NETFramework\v4.5.2\System.Drawing.dll" /FU"C:\Program Files (x86)\Reference Assemblies\Microsoft\Framework\.NETFramework\v4.5.2\System.Windows.Forms.dll" /FU"C:\Program Files (x86)\Reference Assemblies\Microsoft\Framework\.NETFramework\v4.5.2\System.Xml.dll" /analyze- /errorReport:prompt /clr:nostdlib Givin.cpp MyForm.cpp
         Givin.cpp
     1>c:\users\sreeves\documents\github\picture_viewer\MyForm.h(106): error C2039: 'Right_pic_Click': is not a member of 'Picture_viewer::MyForm'
         c:\users\sreeves\documents\github\picture_viewer\MyForm.h(15): note: see declaration of 'Picture_viewer::MyForm'
     1>c:\users\sreeves\documents\github\picture_viewer\MyForm.h(106): error C2065: 'Right_pic_Click': undeclared identifier
     1>c:\users\sreeves\documents\github\picture_viewer\MyForm.h(106): error C3924: error in argument #2 of delegate constructor call 'System::EventHandler':
         c:\users\sreeves\documents\github\picture_viewer\MyForm.h(106): note: pointer to member function expected
     1>c:\users\sreeves\documents\github\picture_viewer\MyForm.h(126): error C2039: 'button1_Click': is not a member of 'Picture_viewer::MyForm'
         c:\users\sreeves\documents\github\picture_viewer\MyForm.h(15): note: see declaration of 'Picture_viewer::MyForm'
     1>c:\users\sreeves\documents\github\picture_viewer\MyForm.h(126): error C2065: 'button1_Click': undeclared identifier
     1>c:\users\sreeves\documents\github\picture_viewer\MyForm.h(126): error C3924: error in argument #2 of delegate constructor call 'System::EventHandler':
         c:\users\sreeves\documents\github\picture_viewer\MyForm.h(126): note: pointer to member function expected
     1>c:\users\sreeves\documents\github\picture_viewer\MyForm.h(162): error C2039: 'richTextBox1_TextChanged': is not a member of 'Picture_viewer::MyForm'
         c:\users\sreeves\documents\github\picture_viewer\MyForm.h(15): note: see declaration of 'Picture_viewer::MyForm'
     1>c:\users\sreeves\documents\github\picture_viewer\MyForm.h(162): error C2065: 'richTextBox1_TextChanged': undeclared identifier
     1>c:\users\sreeves\documents\github\picture_viewer\MyForm.h(162): error C3924: error in argument #2 of delegate constructor call 'System::EventHandler':
         c:\users\sreeves\documents\github\picture_viewer\MyForm.h(162): note: pointer to member function expected
         MyForm.cpp
     1>c:\users\sreeves\documents\github\picture_viewer\MyForm.h(106): error C2039: 'Right_pic_Click': is not a member of 'Picture_viewer::MyForm'
         c:\users\sreeves\documents\github\picture_viewer\MyForm.h(15): note: see declaration of 'Picture_viewer::MyForm'
     1>c:\users\sreeves\documents\github\picture_viewer\MyForm.h(106): error C2065: 'Right_pic_Click': undeclared identifier
     1>c:\users\sreeves\documents\github\picture_viewer\MyForm.h(106): error C3924: error in argument #2 of delegate constructor call 'System::EventHandler':
         c:\users\sreeves\documents\github\picture_viewer\MyForm.h(106): note: pointer to member function expected
     1>c:\users\sreeves\documents\github\picture_viewer\MyForm.h(126): error C2039: 'button1_Click': is not a member of 'Picture_viewer::MyForm'
         c:\users\sreeves\documents\github\picture_viewer\MyForm.h(15): note: see declaration of 'Picture_viewer::MyForm'
     1>c:\users\sreeves\documents\github\picture_viewer\MyForm.h(126): error C2065: 'button1_Click': undeclared identifier
     1>c:\users\sreeves\documents\github\picture_viewer\MyForm.h(126): error C3924: error in argument #2 of delegate constructor call 'System::EventHandler':
         c:\users\sreeves\documents\github\picture_viewer\MyForm.h(126): note: pointer to member function expected
     1>c:\users\sreeves\documents\github\picture_viewer\MyForm.h(162): error C2039: 'richTextBox1_TextChanged': is not a member of 'Picture_viewer::MyForm'
         c:\users\sreeves\documents\github\picture_viewer\MyForm.h(15): note: see declaration of 'Picture_viewer::MyForm'
     1>c:\users\sreeves\documents\github\picture_viewer\MyForm.h(162): error C2065: 'richTextBox1_TextChanged': undeclared identifier
     1>c:\users\sreeves\documents\github\picture_viewer\MyForm.h(162): error C3924: error in argument #2 of delegate constructor call 'System::EventHandler':
         c:\users\sreeves\documents\github\picture_viewer\MyForm.h(162): note: pointer to member function expected
         Generating Code...
     1>Done Building Project "C:\Users\sreeves\Documents\GitHub\Picture_viewer\Picture_viewer.vcxproj" (Build target(s)) -- FAILED.

Build FAILED.

Time Elapsed 00:00:01.85
